This is LuaTeX, Version 0.95.0 (TeX Live 2016)  (format=lualatex 2016.10.10)  4 MAY 2017 13:17
 restricted system commands enabled.
**V704.tex
(/home/tim/.local/texlive/2016/texmf-dist/tex/latex/tools/x.tex
! Interruption.
<everyjob> \directlua {
            require("lualatexquotejobname.lua")}\typeout {\fmtname \space <\fmt
l.1 
  %%
? x


Here is how much of LuaTeX's memory you used:
 9 strings out of 495118
 100000,89155 words of node,token memory allocated 243 words of node memory still in use:
   1 dir, 2 glue, 32 glue_spec nodes
   avail lists: 2:12,3:1,4:1
 3673 multiletter control sequences out of 65536+600000
 14 fonts using 591559 bytes
 2i,0n,0p,14b,6s stack positions out of 5000i,500n,10000p,200000b,100000s

warning  (pdf backend): no pages of output.

PDF statistics: 0 PDF objects out of 1000 (max. 8388607)
 0 named destinations out of 1000 (max. 131072)
 1 words of extra memory for PDF output out of 10000 (max. 10000000)

